[0.018s] Invoking command in '/home/joel/ros2_ws/build/my_package': AMENT_PREFIX_PATH=/home/joel/ros2_ws/install/my_package:${AMENT_PREFIX_PATH} CMAKE_PREFIX_PATH=/home/joel/ros2_ws/install/my_package CONDA_PROMPT_MODIFIER=(base) /usr/bin/ctest -C Release -D ExperimentalTest --no-compress-output -V --force-new-ctest-process
[0.023s] UpdateCTestConfiguration  from :/home/joel/ros2_ws/build/my_package/CTestConfiguration.ini
[0.023s] Parse Config file:/home/joel/ros2_ws/build/my_package/CTestConfiguration.ini
[0.023s]    Site: joel-Lenovo-XiaoXinAir-14IIL-2020
[0.024s]    Build name: (empty)
[0.024s]  Add coverage exclude regular expressions.
[0.024s] Create new tag: 20241016-1131 - Experimental
[0.024s] UpdateCTestConfiguration  from :/home/joel/ros2_ws/build/my_package/CTestConfiguration.ini
[0.024s] Parse Config file:/home/joel/ros2_ws/build/my_package/CTestConfiguration.ini
[0.024s] Test project /home/joel/ros2_ws/build/my_package
[0.024s] Constructing a list of tests
[0.024s] Done constructing a list of tests
[0.024s] Updating test list for fixtures
[0.025s] Added 0 tests to meet fixture requirements
[0.025s] Checking test dependency graph...
[0.025s] Checking test dependency graph end
[0.025s] test 1
[0.025s]     Start 1: test_math_functions
[0.025s] 
[0.025s] 1: Test command: /home/joel/anaconda3/bin/python3 "-u" "/opt/ros/humble/share/ament_cmake_test/cmake/run_test.py" "/home/joel/ros2_ws/build/my_package/test_results/my_package/test_math_functions.gtest.xml" "--package-name" "my_package" "--output-file" "/home/joel/ros2_ws/build/my_package/ament_cmake_gtest/test_math_functions.txt" "--command" "/home/joel/ros2_ws/build/my_package/test_math_functions" "--gtest_output=xml:/home/joel/ros2_ws/build/my_package/test_results/my_package/test_math_functions.gtest.xml"
[0.025s] 1: Test timeout computed to be: 60
[0.089s] 1: -- run_test.py: invoking following command in '/home/joel/ros2_ws/build/my_package':
[0.089s] 1:  - /home/joel/ros2_ws/build/my_package/test_math_functions --gtest_output=xml:/home/joel/ros2_ws/build/my_package/test_results/my_package/test_math_functions.gtest.xml
[0.091s] 1: [==========] Running 2 tests from 1 test suite.
[0.091s] 1: [----------] Global test environment set-up.
[0.091s] 1: [----------] 2 tests from MathFunctionsTest
[0.091s] 1: [ RUN      ] MathFunctionsTest.DivisionTest
[0.091s] 1: /home/joel/ros2_ws/src/my_package/test/test_math_functions.cpp:5: Failure
[0.091s] 1: Expected equality of these values:
[0.091s] 1:   my_package::divide(10.0, 2.0)
[0.091s] 1:     Which is: 5
[0.091s] 1:   5.1
[0.091s] 1:     Which is: 5.0999999999999996
[0.092s] 1: [  FAILED  ] MathFunctionsTest.DivisionTest (0 ms)
[0.092s] 1: [ RUN      ] MathFunctionsTest.DivisionByZeroTest
[0.092s] 1: [       OK ] MathFunctionsTest.DivisionByZeroTest (0 ms)
[0.092s] 1: [----------] 2 tests from MathFunctionsTest (0 ms total)
[0.092s] 1: 
[0.092s] 1: [----------] Global test environment tear-down
[0.092s] 1: [==========] 2 tests from 1 test suite ran. (0 ms total)
[0.092s] 1: [  PASSED  ] 1 test.
[0.092s] 1: [  FAILED  ] 1 test, listed below:
[0.092s] 1: [  FAILED  ] MathFunctionsTest.DivisionTest
[0.092s] 1: 
[0.092s] 1:  1 FAILED TEST
[0.092s] 1: -- run_test.py: return code 1
[0.092s] 1: -- run_test.py: inject classname prefix into gtest result file '/home/joel/ros2_ws/build/my_package/test_results/my_package/test_math_functions.gtest.xml'
[0.092s] 1: -- run_test.py: verify result file '/home/joel/ros2_ws/build/my_package/test_results/my_package/test_math_functions.gtest.xml'
[0.102s] 1/5 Test #1: test_math_functions ..............***Failed    0.08 sec
[0.102s] test 2
[0.102s]     Start 2: cppcheck
[0.102s] 
[0.102s] 2: Test command: /home/joel/anaconda3/bin/python3 "-u" "/opt/ros/humble/share/ament_cmake_test/cmake/run_test.py" "/home/joel/ros2_ws/build/my_package/test_results/my_package/cppcheck.xunit.xml" "--package-name" "my_package" "--output-file" "/home/joel/ros2_ws/build/my_package/ament_cppcheck/cppcheck.txt" "--command" "/opt/ros/humble/bin/ament_cppcheck" "--xunit-file" "/home/joel/ros2_ws/build/my_package/test_results/my_package/cppcheck.xunit.xml" "--include_dirs" "/home/joel/ros2_ws/src/my_package/include"
[0.102s] 2: Test timeout computed to be: 300
[0.167s] 2: -- run_test.py: invoking following command in '/home/joel/ros2_ws/src/my_package':
[0.167s] 2:  - /opt/ros/humble/bin/ament_cppcheck --xunit-file /home/joel/ros2_ws/build/my_package/test_results/my_package/cppcheck.xunit.xml --include_dirs /home/joel/ros2_ws/src/my_package/include
[0.246s] 2: cppcheck 2.7 has known performance issues and therefore will not be used, set the AMENT_CPPCHECK_ALLOW_SLOW_VERSIONS environment variable to override this.
[0.264s] 2: -- run_test.py: return code 0
[0.264s] 2: -- run_test.py: verify result file '/home/joel/ros2_ws/build/my_package/test_results/my_package/cppcheck.xunit.xml'
[0.281s] 2/5 Test #2: cppcheck .........................   Passed    0.18 sec
[0.281s] test 3
[0.282s]     Start 3: lint_cmake
[0.282s] 
[0.282s] 3: Test command: /home/joel/anaconda3/bin/python3 "-u" "/opt/ros/humble/share/ament_cmake_test/cmake/run_test.py" "/home/joel/ros2_ws/build/my_package/test_results/my_package/lint_cmake.xunit.xml" "--package-name" "my_package" "--output-file" "/home/joel/ros2_ws/build/my_package/ament_lint_cmake/lint_cmake.txt" "--command" "/opt/ros/humble/bin/ament_lint_cmake" "--xunit-file" "/home/joel/ros2_ws/build/my_package/test_results/my_package/lint_cmake.xunit.xml"
[0.282s] 3: Test timeout computed to be: 60
[0.351s] 3: -- run_test.py: invoking following command in '/home/joel/ros2_ws/src/my_package':
[0.351s] 3:  - /opt/ros/humble/bin/ament_lint_cmake --xunit-file /home/joel/ros2_ws/build/my_package/test_results/my_package/lint_cmake.xunit.xml
[0.416s] 3: 
[0.416s] 3: No problems found
[0.430s] 3: -- run_test.py: return code 0
[0.431s] 3: -- run_test.py: verify result file '/home/joel/ros2_ws/build/my_package/test_results/my_package/lint_cmake.xunit.xml'
[0.441s] 3/5 Test #3: lint_cmake .......................   Passed    0.16 sec
[0.441s] test 4
[0.441s]     Start 4: uncrustify
[0.441s] 
[0.442s] 4: Test command: /home/joel/anaconda3/bin/python3 "-u" "/opt/ros/humble/share/ament_cmake_test/cmake/run_test.py" "/home/joel/ros2_ws/build/my_package/test_results/my_package/uncrustify.xunit.xml" "--package-name" "my_package" "--output-file" "/home/joel/ros2_ws/build/my_package/ament_uncrustify/uncrustify.txt" "--command" "/opt/ros/humble/bin/ament_uncrustify" "--xunit-file" "/home/joel/ros2_ws/build/my_package/test_results/my_package/uncrustify.xunit.xml"
[0.442s] 4: Test timeout computed to be: 60
[0.503s] 4: -- run_test.py: invoking following command in '/home/joel/ros2_ws/src/my_package':
[0.503s] 4:  - /opt/ros/humble/bin/ament_uncrustify --xunit-file /home/joel/ros2_ws/build/my_package/test_results/my_package/uncrustify.xunit.xml
[0.570s] 4: No code style divergence in file 'include/my_package/math_functions.hpp'
[0.570s] 4: 
[0.570s] 4: No code style divergence in file 'src/math_functions.cpp'
[0.571s] 4: 
[0.571s] 4: No code style divergence in file 'src/my_node.cpp'
[0.571s] 4: 
[0.571s] 4: No code style divergence in file 'src/subscriber_node.cpp'
[0.571s] 4: 
[0.571s] 4: No code style divergence in file 'test/test_math_functions.cpp'
[0.571s] 4: 
[0.571s] 4: No problems found
[0.581s] 4: -- run_test.py: return code 0
[0.581s] 4: -- run_test.py: verify result file '/home/joel/ros2_ws/build/my_package/test_results/my_package/uncrustify.xunit.xml'
[0.591s] 4/5 Test #4: uncrustify .......................   Passed    0.15 sec
[0.591s] test 5
[0.591s]     Start 5: xmllint
[0.591s] 
[0.591s] 5: Test command: /home/joel/anaconda3/bin/python3 "-u" "/opt/ros/humble/share/ament_cmake_test/cmake/run_test.py" "/home/joel/ros2_ws/build/my_package/test_results/my_package/xmllint.xunit.xml" "--package-name" "my_package" "--output-file" "/home/joel/ros2_ws/build/my_package/ament_xmllint/xmllint.txt" "--command" "/opt/ros/humble/bin/ament_xmllint" "--xunit-file" "/home/joel/ros2_ws/build/my_package/test_results/my_package/xmllint.xunit.xml"
[0.592s] 5: Test timeout computed to be: 60
[0.656s] 5: -- run_test.py: invoking following command in '/home/joel/ros2_ws/src/my_package':
[0.656s] 5:  - /opt/ros/humble/bin/ament_xmllint --xunit-file /home/joel/ros2_ws/build/my_package/test_results/my_package/xmllint.xunit.xml
[1.113s] 5: File 'package.xml' is valid
[1.113s] 5: 
[1.113s] 5: No problems found
[1.132s] 5: -- run_test.py: return code 0
[1.132s] 5: -- run_test.py: verify result file '/home/joel/ros2_ws/build/my_package/test_results/my_package/xmllint.xunit.xml'
[1.144s] 5/5 Test #5: xmllint ..........................   Passed    0.55 sec
[1.144s] 
[1.144s] 80% tests passed[0;0m, [0;31m1 tests failed[0;0m out of 5
[1.144s] 
[1.144s] Label Time Summary:
[1.144s] cppcheck      =   0.18 sec*proc (1 test)
[1.144s] gtest         =   0.08 sec*proc (1 test)
[1.145s] lint_cmake    =   0.16 sec*proc (1 test)
[1.145s] linter        =   1.04 sec*proc (4 tests)
[1.145s] uncrustify    =   0.15 sec*proc (1 test)
[1.145s] xmllint       =   0.55 sec*proc (1 test)
[1.145s] 
[1.145s] Total Test time (real) =   1.12 sec
[1.145s] 
[1.145s] The following tests FAILED:
[1.145s] 	[0;31m  1 - test_math_functions (Failed)[0;0m
[1.145s] Errors while running CTest
[1.145s] Output from these tests are in: /home/joel/ros2_ws/build/my_package/Testing/Temporary/LastTest.log
[1.145s] Use "--rerun-failed --output-on-failure" to re-run the failed cases verbosely.
[1.147s] Invoked command in '/home/joel/ros2_ws/build/my_package' returned '8': AMENT_PREFIX_PATH=/home/joel/ros2_ws/install/my_package:${AMENT_PREFIX_PATH} CMAKE_PREFIX_PATH=/home/joel/ros2_ws/install/my_package CONDA_PROMPT_MODIFIER=(base) /usr/bin/ctest -C Release -D ExperimentalTest --no-compress-output -V --force-new-ctest-process
