<?xml version="1.0" encoding="UTF-8"?>
<Site BuildName="(empty)"
	BuildStamp="20241016-1115-Experimental"
	Name="joel-Lenovo-XiaoXinAir-14IIL-2020"
	Generator="ctest-3.22.1"
	CompilerName="/usr/bin/c++"
	CompilerVersion="11.4.0"
	OSName="Linux"
	Hostname="joel-Lenovo-XiaoXinAir-14IIL-2020"
	OSRelease="6.8.0-45-generic"
	OSVersion="#45~22.04.1-Ubuntu SMP PREEMPT_DYNAMIC Wed Sep 11 15:25:05 UTC 2"
	OSPlatform="x86_64"
	Is64Bits="1"
	VendorString="GenuineIntel"
	VendorID="Intel Corporation"
	FamilyID="6"
	ModelID="126"
	ProcessorCacheSize="6144"
	NumberOfLogicalCPU="8"
	NumberOfPhysicalCPU="4"
	TotalVirtualMemory="2047"
	TotalPhysicalMemory="7617"
	LogicalProcessorsPerPhysical="2"
	ProcessorClockFrequency="1890.02"
	>
	<Testing>
		<StartDateTime>Oct 16 19:15 CST</StartDateTime>
		<StartTestTime>1729077323</StartTestTime>
		<TestList>
			<Test>./test_math_functions</Test>
			<Test>./cppcheck</Test>
			<Test>./lint_cmake</Test>
			<Test>./uncrustify</Test>
			<Test>./xmllint</Test>
		</TestList>
		<Test Status="passed">
			<Name>test_math_functions</Name>
			<Path>.</Path>
			<FullName>./test_math_functions</FullName>
			<FullCommandLine>/home/joel/anaconda3/bin/python3 "-u" "/opt/ros/humble/share/ament_cmake_test/cmake/run_test.py" "/home/joel/ros2_ws/build/my_package/test_results/my_package/test_math_functions.gtest.xml" "--package-name" "my_package" "--output-file" "/home/joel/ros2_ws/build/my_package/ament_cmake_gtest/test_math_functions.txt" "--command" "/home/joel/ros2_ws/build/my_package/test_math_functions" "--gtest_output=xml:/home/joel/ros2_ws/build/my_package/test_results/my_package/test_math_functions.gtest.xml"</FullCommandLine>
			<Results>
				<NamedMeasurement type="numeric/double" name="Execution Time">
					<Value>0.0732843</Value>
				</NamedMeasurement>
				<NamedMeasurement type="numeric/double" name="Processors">
					<Value>1</Value>
				</NamedMeasurement>
				<NamedMeasurement type="text/string" name="Completion Status">
					<Value>Completed</Value>
				</NamedMeasurement>
				<NamedMeasurement type="text/string" name="Command Line">
					<Value>/home/joel/anaconda3/bin/python3 "-u" "/opt/ros/humble/share/ament_cmake_test/cmake/run_test.py" "/home/joel/ros2_ws/build/my_package/test_results/my_package/test_math_functions.gtest.xml" "--package-name" "my_package" "--output-file" "/home/joel/ros2_ws/build/my_package/ament_cmake_gtest/test_math_functions.txt" "--command" "/home/joel/ros2_ws/build/my_package/test_math_functions" "--gtest_output=xml:/home/joel/ros2_ws/build/my_package/test_results/my_package/test_math_functions.gtest.xml"</Value>
				</NamedMeasurement>
				<NamedMeasurement type="text/string" name="Environment">
					<Value>#CTEST_RESOURCE_GROUP_COUNT=</Value>
				</NamedMeasurement>
				<Measurement>
					<Value>-- run_test.py: invoking following command in '/home/joel/ros2_ws/build/my_package':
 - /home/joel/ros2_ws/build/my_package/test_math_functions --gtest_output=xml:/home/joel/ros2_ws/build/my_package/test_results/my_package/test_math_functions.gtest.xml
[==========] Running 2 tests from 1 test suite.
[----------] Global test environment set-up.
[----------] 2 tests from MathFunctionsTest
[ RUN      ] MathFunctionsTest.DivisionTest
[       OK ] MathFunctionsTest.DivisionTest (0 ms)
[ RUN      ] MathFunctionsTest.DivisionByZeroTest
[       OK ] MathFunctionsTest.DivisionByZeroTest (0 ms)
[----------] 2 tests from MathFunctionsTest (0 ms total)

[----------] Global test environment tear-down
[==========] 2 tests from 1 test suite ran. (0 ms total)
[  PASSED  ] 2 tests.
-- run_test.py: return code 0
-- run_test.py: inject classname prefix into gtest result file '/home/joel/ros2_ws/build/my_package/test_results/my_package/test_math_functions.gtest.xml'
-- run_test.py: verify result file '/home/joel/ros2_ws/build/my_package/test_results/my_package/test_math_functions.gtest.xml'
</Value>
				</Measurement>
			</Results>
			<Labels>
				<Label>gtest</Label>
			</Labels>
		</Test>
		<Test Status="passed">
			<Name>cppcheck</Name>
			<Path>.</Path>
			<FullName>./cppcheck</FullName>
			<FullCommandLine>/home/joel/anaconda3/bin/python3 "-u" "/opt/ros/humble/share/ament_cmake_test/cmake/run_test.py" "/home/joel/ros2_ws/build/my_package/test_results/my_package/cppcheck.xunit.xml" "--package-name" "my_package" "--output-file" "/home/joel/ros2_ws/build/my_package/ament_cppcheck/cppcheck.txt" "--command" "/opt/ros/humble/bin/ament_cppcheck" "--xunit-file" "/home/joel/ros2_ws/build/my_package/test_results/my_package/cppcheck.xunit.xml" "--include_dirs" "/home/joel/ros2_ws/src/my_package/include"</FullCommandLine>
			<Results>
				<NamedMeasurement type="numeric/double" name="Execution Time">
					<Value>0.14904</Value>
				</NamedMeasurement>
				<NamedMeasurement type="numeric/double" name="Processors">
					<Value>1</Value>
				</NamedMeasurement>
				<NamedMeasurement type="text/string" name="Completion Status">
					<Value>Completed</Value>
				</NamedMeasurement>
				<NamedMeasurement type="text/string" name="Command Line">
					<Value>/home/joel/anaconda3/bin/python3 "-u" "/opt/ros/humble/share/ament_cmake_test/cmake/run_test.py" "/home/joel/ros2_ws/build/my_package/test_results/my_package/cppcheck.xunit.xml" "--package-name" "my_package" "--output-file" "/home/joel/ros2_ws/build/my_package/ament_cppcheck/cppcheck.txt" "--command" "/opt/ros/humble/bin/ament_cppcheck" "--xunit-file" "/home/joel/ros2_ws/build/my_package/test_results/my_package/cppcheck.xunit.xml" "--include_dirs" "/home/joel/ros2_ws/src/my_package/include"</Value>
				</NamedMeasurement>
				<NamedMeasurement type="text/string" name="Environment">
					<Value>#CTEST_RESOURCE_GROUP_COUNT=</Value>
				</NamedMeasurement>
				<Measurement>
					<Value>-- run_test.py: invoking following command in '/home/joel/ros2_ws/src/my_package':
 - /opt/ros/humble/bin/ament_cppcheck --xunit-file /home/joel/ros2_ws/build/my_package/test_results/my_package/cppcheck.xunit.xml --include_dirs /home/joel/ros2_ws/src/my_package/include
cppcheck 2.7 has known performance issues and therefore will not be used, set the AMENT_CPPCHECK_ALLOW_SLOW_VERSIONS environment variable to override this.
-- run_test.py: return code 0
-- run_test.py: verify result file '/home/joel/ros2_ws/build/my_package/test_results/my_package/cppcheck.xunit.xml'
</Value>
				</Measurement>
			</Results>
			<Labels>
				<Label>cppcheck</Label>
				<Label>linter</Label>
			</Labels>
		</Test>
		<Test Status="failed">
			<Name>lint_cmake</Name>
			<Path>.</Path>
			<FullName>./lint_cmake</FullName>
			<FullCommandLine>/home/joel/anaconda3/bin/python3 "-u" "/opt/ros/humble/share/ament_cmake_test/cmake/run_test.py" "/home/joel/ros2_ws/build/my_package/test_results/my_package/lint_cmake.xunit.xml" "--package-name" "my_package" "--output-file" "/home/joel/ros2_ws/build/my_package/ament_lint_cmake/lint_cmake.txt" "--command" "/opt/ros/humble/bin/ament_lint_cmake" "--xunit-file" "/home/joel/ros2_ws/build/my_package/test_results/my_package/lint_cmake.xunit.xml"</FullCommandLine>
			<Results>
				<NamedMeasurement type="text/string" name="Exit Code">
					<Value>Failed</Value>
				</NamedMeasurement>
				<NamedMeasurement type="text/string" name="Exit Value">
					<Value>1</Value>
				</NamedMeasurement>
				<NamedMeasurement type="numeric/double" name="Execution Time">
					<Value>0.121762</Value>
				</NamedMeasurement>
				<NamedMeasurement type="numeric/double" name="Processors">
					<Value>1</Value>
				</NamedMeasurement>
				<NamedMeasurement type="text/string" name="Completion Status">
					<Value>Completed</Value>
				</NamedMeasurement>
				<NamedMeasurement type="text/string" name="Command Line">
					<Value>/home/joel/anaconda3/bin/python3 "-u" "/opt/ros/humble/share/ament_cmake_test/cmake/run_test.py" "/home/joel/ros2_ws/build/my_package/test_results/my_package/lint_cmake.xunit.xml" "--package-name" "my_package" "--output-file" "/home/joel/ros2_ws/build/my_package/ament_lint_cmake/lint_cmake.txt" "--command" "/opt/ros/humble/bin/ament_lint_cmake" "--xunit-file" "/home/joel/ros2_ws/build/my_package/test_results/my_package/lint_cmake.xunit.xml"</Value>
				</NamedMeasurement>
				<NamedMeasurement type="text/string" name="Environment">
					<Value>#CTEST_RESOURCE_GROUP_COUNT=</Value>
				</NamedMeasurement>
				<Measurement>
					<Value>-- run_test.py: invoking following command in '/home/joel/ros2_ws/src/my_package':
 - /opt/ros/humble/bin/ament_lint_cmake --xunit-file /home/joel/ros2_ws/build/my_package/test_results/my_package/lint_cmake.xunit.xml
CMakeLists.txt:49: Line ends in whitespace [whitespace/eol]


1 errors
-- run_test.py: return code 1
-- run_test.py: verify result file '/home/joel/ros2_ws/build/my_package/test_results/my_package/lint_cmake.xunit.xml'
</Value>
				</Measurement>
			</Results>
			<Labels>
				<Label>lint_cmake</Label>
				<Label>linter</Label>
			</Labels>
		</Test>
		<Test Status="failed">
			<Name>uncrustify</Name>
			<Path>.</Path>
			<FullName>./uncrustify</FullName>
			<FullCommandLine>/home/joel/anaconda3/bin/python3 "-u" "/opt/ros/humble/share/ament_cmake_test/cmake/run_test.py" "/home/joel/ros2_ws/build/my_package/test_results/my_package/uncrustify.xunit.xml" "--package-name" "my_package" "--output-file" "/home/joel/ros2_ws/build/my_package/ament_uncrustify/uncrustify.txt" "--command" "/opt/ros/humble/bin/ament_uncrustify" "--xunit-file" "/home/joel/ros2_ws/build/my_package/test_results/my_package/uncrustify.xunit.xml"</FullCommandLine>
			<Results>
				<NamedMeasurement type="text/string" name="Exit Code">
					<Value>Failed</Value>
				</NamedMeasurement>
				<NamedMeasurement type="text/string" name="Exit Value">
					<Value>1</Value>
				</NamedMeasurement>
				<NamedMeasurement type="numeric/double" name="Execution Time">
					<Value>0.146176</Value>
				</NamedMeasurement>
				<NamedMeasurement type="numeric/double" name="Processors">
					<Value>1</Value>
				</NamedMeasurement>
				<NamedMeasurement type="text/string" name="Completion Status">
					<Value>Completed</Value>
				</NamedMeasurement>
				<NamedMeasurement type="text/string" name="Command Line">
					<Value>/home/joel/anaconda3/bin/python3 "-u" "/opt/ros/humble/share/ament_cmake_test/cmake/run_test.py" "/home/joel/ros2_ws/build/my_package/test_results/my_package/uncrustify.xunit.xml" "--package-name" "my_package" "--output-file" "/home/joel/ros2_ws/build/my_package/ament_uncrustify/uncrustify.txt" "--command" "/opt/ros/humble/bin/ament_uncrustify" "--xunit-file" "/home/joel/ros2_ws/build/my_package/test_results/my_package/uncrustify.xunit.xml"</Value>
				</NamedMeasurement>
				<NamedMeasurement type="text/string" name="Environment">
					<Value>#CTEST_RESOURCE_GROUP_COUNT=</Value>
				</NamedMeasurement>
				<Measurement>
					<Value>-- run_test.py: invoking following command in '/home/joel/ros2_ws/src/my_package':
 - /opt/ros/humble/bin/ament_uncrustify --xunit-file /home/joel/ros2_ws/build/my_package/test_results/my_package/uncrustify.xunit.xml
Code style divergence in file 'include/my_package/math_functions.hpp':

--- include/my_package/math_functions.hpp
+++ include/my_package/math_functions.hpp.uncrustify
@@ -4 +4,2 @@
-namespace my_package {
+namespace my_package
+{

Code style divergence in file 'src/math_functions.cpp':

--- src/math_functions.cpp
+++ src/math_functions.cpp.uncrustify
@@ -4 +4,2 @@
-namespace my_package {
+namespace my_package
+{
@@ -6,5 +7,6 @@
-double divide(double numerator, double denominator) {
-    if (denominator == 0.0) {
-        throw std::runtime_error("Division by zero is not allowed");
-    }
-    return numerator / denominator;
+double divide(double numerator, double denominator)
+{
+  if (denominator == 0.0) {
+    throw std::runtime_error("Division by zero is not allowed");
+  }
+  return numerator / denominator;

Code style divergence in file 'src/my_node.cpp':

--- src/my_node.cpp
+++ src/my_node.cpp.uncrustify
@@ -7 +7,2 @@
-  PublisherNode() : Node("publisher_node")
+  PublisherNode()
+  : Node("publisher_node")
@@ -35 +35,0 @@
-

Code style divergence in file 'src/subscriber_node.cpp':

--- src/subscriber_node.cpp
+++ src/subscriber_node.cpp.uncrustify
@@ -7 +7,2 @@
-  SubscriberNode() : Node("subscriber_node")
+  SubscriberNode()
+  : Node("subscriber_node")

Code style divergence in file 'test/test_math_functions.cpp':

--- test/test_math_functions.cpp
+++ test/test_math_functions.cpp.uncrustify
@@ -5,4 +5,4 @@
-    EXPECT_DOUBLE_EQ(my_package::divide(10.0, 2.0), 5.0);
-    EXPECT_DOUBLE_EQ(my_package::divide(-10.0, 2.0), -5.0);
-    EXPECT_DOUBLE_EQ(my_package::divide(10.0, -2.0), -5.0);
-    EXPECT_DOUBLE_EQ(my_package::divide(0.0, 5.0), 0.0);
+  EXPECT_DOUBLE_EQ(my_package::divide(10.0, 2.0), 5.0);
+  EXPECT_DOUBLE_EQ(my_package::divide(-10.0, 2.0), -5.0);
+  EXPECT_DOUBLE_EQ(my_package::divide(10.0, -2.0), -5.0);
+  EXPECT_DOUBLE_EQ(my_package::divide(0.0, 5.0), 0.0);
@@ -12 +12 @@
-    EXPECT_THROW(my_package::divide(10.0, 0.0), std::runtime_error);
+  EXPECT_THROW(my_package::divide(10.0, 0.0), std::runtime_error);
@@ -15,3 +15,4 @@
-int main(int argc, char** argv) {
-    testing::InitGoogleTest(&amp;argc, argv);
-    return RUN_ALL_TESTS();
+int main(int argc, char ** argv)
+{
+  testing::InitGoogleTest(&amp;argc, argv);
+  return RUN_ALL_TESTS();

5 files with code style divergence
-- run_test.py: return code 1
-- run_test.py: verify result file '/home/joel/ros2_ws/build/my_package/test_results/my_package/uncrustify.xunit.xml'
</Value>
				</Measurement>
			</Results>
			<Labels>
				<Label>linter</Label>
				<Label>uncrustify</Label>
			</Labels>
		</Test>
		<Test Status="passed">
			<Name>xmllint</Name>
			<Path>.</Path>
			<FullName>./xmllint</FullName>
			<FullCommandLine>/home/joel/anaconda3/bin/python3 "-u" "/opt/ros/humble/share/ament_cmake_test/cmake/run_test.py" "/home/joel/ros2_ws/build/my_package/test_results/my_package/xmllint.xunit.xml" "--package-name" "my_package" "--output-file" "/home/joel/ros2_ws/build/my_package/ament_xmllint/xmllint.txt" "--command" "/opt/ros/humble/bin/ament_xmllint" "--xunit-file" "/home/joel/ros2_ws/build/my_package/test_results/my_package/xmllint.xunit.xml"</FullCommandLine>
			<Results>
				<NamedMeasurement type="numeric/double" name="Execution Time">
					<Value>1.07559</Value>
				</NamedMeasurement>
				<NamedMeasurement type="numeric/double" name="Processors">
					<Value>1</Value>
				</NamedMeasurement>
				<NamedMeasurement type="text/string" name="Completion Status">
					<Value>Completed</Value>
				</NamedMeasurement>
				<NamedMeasurement type="text/string" name="Command Line">
					<Value>/home/joel/anaconda3/bin/python3 "-u" "/opt/ros/humble/share/ament_cmake_test/cmake/run_test.py" "/home/joel/ros2_ws/build/my_package/test_results/my_package/xmllint.xunit.xml" "--package-name" "my_package" "--output-file" "/home/joel/ros2_ws/build/my_package/ament_xmllint/xmllint.txt" "--command" "/opt/ros/humble/bin/ament_xmllint" "--xunit-file" "/home/joel/ros2_ws/build/my_package/test_results/my_package/xmllint.xunit.xml"</Value>
				</NamedMeasurement>
				<NamedMeasurement type="text/string" name="Environment">
					<Value>#CTEST_RESOURCE_GROUP_COUNT=</Value>
				</NamedMeasurement>
				<Measurement>
					<Value>-- run_test.py: invoking following command in '/home/joel/ros2_ws/src/my_package':
 - /opt/ros/humble/bin/ament_xmllint --xunit-file /home/joel/ros2_ws/build/my_package/test_results/my_package/xmllint.xunit.xml
File 'package.xml' is valid

No problems found
-- run_test.py: return code 0
-- run_test.py: verify result file '/home/joel/ros2_ws/build/my_package/test_results/my_package/xmllint.xunit.xml'
</Value>
				</Measurement>
			</Results>
			<Labels>
				<Label>linter</Label>
				<Label>xmllint</Label>
			</Labels>
		</Test>
		<EndDateTime>Oct 16 19:15 CST</EndDateTime>
		<EndTestTime>1729077324</EndTestTime>
		<ElapsedMinutes>0</ElapsedMinutes>
	</Testing>
</Site>
