UpdateCTestConfiguration  from :/home/joel/ros2_ws/build/my_package/CTestConfiguration.ini
Parse Config file:/home/joel/ros2_ws/build/my_package/CTestConfiguration.ini
   Site: joel-Lenovo-XiaoXinAir-14IIL-2020
   Build name: (empty)
 Add coverage exclude regular expressions.
Create new tag: 20241016-1146 - Experimental
UpdateCTestConfiguration  from :/home/joel/ros2_ws/build/my_package/CTestConfiguration.ini
Parse Config file:/home/joel/ros2_ws/build/my_package/CTestConfiguration.ini
Test project /home/joel/ros2_ws/build/my_package
Constructing a list of tests
Done constructing a list of tests
Updating test list for fixtures
Added 0 tests to meet fixture requirements
Checking test dependency graph...
Checking test dependency graph end
test 1
    Start 1: test_math_functions

1: Test command: /home/joel/anaconda3/bin/python3 "-u" "/opt/ros/humble/share/ament_cmake_test/cmake/run_test.py" "/home/joel/ros2_ws/build/my_package/test_results/my_package/test_math_functions.gtest.xml" "--package-name" "my_package" "--output-file" "/home/joel/ros2_ws/build/my_package/ament_cmake_gtest/test_math_functions.txt" "--command" "/home/joel/ros2_ws/build/my_package/test_math_functions" "--gtest_output=xml:/home/joel/ros2_ws/build/my_package/test_results/my_package/test_math_functions.gtest.xml"
1: Test timeout computed to be: 60
1: -- run_test.py: invoking following command in '/home/joel/ros2_ws/build/my_package':
1:  - /home/joel/ros2_ws/build/my_package/test_math_functions --gtest_output=xml:/home/joel/ros2_ws/build/my_package/test_results/my_package/test_math_functions.gtest.xml
1: [==========] Running 2 tests from 1 test suite.
1: [----------] Global test environment set-up.
1: [----------] 2 tests from MathFunctionsTest
1: [ RUN      ] MathFunctionsTest.DivisionTest
1: /home/joel/ros2_ws/src/my_package/test/test_math_functions.cpp:5: Failure
1: Expected equality of these values:
1:   my_package::divide(10.0, 2.0)
1:     Which is: 5
1:   5.1
1:     Which is: 5.0999999999999996
1: [  FAILED  ] MathFunctionsTest.DivisionTest (0 ms)
1: [ RUN      ] MathFunctionsTest.DivisionByZeroTest
1: [       OK ] MathFunctionsTest.DivisionByZeroTest (0 ms)
1: [----------] 2 tests from MathFunctionsTest (0 ms total)
1: 
1: [----------] Global test environment tear-down
1: [==========] 2 tests from 1 test suite ran. (0 ms total)
1: [  PASSED  ] 1 test.
1: [  FAILED  ] 1 test, listed below:
1: [  FAILED  ] MathFunctionsTest.DivisionTest
1: 
1:  1 FAILED TEST
1: -- run_test.py: return code 1
1: -- run_test.py: inject classname prefix into gtest result file '/home/joel/ros2_ws/build/my_package/test_results/my_package/test_math_functions.gtest.xml'
1: -- run_test.py: verify result file '/home/joel/ros2_ws/build/my_package/test_results/my_package/test_math_functions.gtest.xml'
1/5 Test #1: test_math_functions ..............***Failed    0.07 sec
test 2
    Start 2: cppcheck

2: Test command: /home/joel/anaconda3/bin/python3 "-u" "/opt/ros/humble/share/ament_cmake_test/cmake/run_test.py" "/home/joel/ros2_ws/build/my_package/test_results/my_package/cppcheck.xunit.xml" "--package-name" "my_package" "--output-file" "/home/joel/ros2_ws/build/my_package/ament_cppcheck/cppcheck.txt" "--command" "/opt/ros/humble/bin/ament_cppcheck" "--xunit-file" "/home/joel/ros2_ws/build/my_package/test_results/my_package/cppcheck.xunit.xml" "--include_dirs" "/home/joel/ros2_ws/src/my_package/include"
2: Test timeout computed to be: 300
2: -- run_test.py: invoking following command in '/home/joel/ros2_ws/src/my_package':
2:  - /opt/ros/humble/bin/ament_cppcheck --xunit-file /home/joel/ros2_ws/build/my_package/test_results/my_package/cppcheck.xunit.xml --include_dirs /home/joel/ros2_ws/src/my_package/include
2: cppcheck 2.7 has known performance issues and therefore will not be used, set the AMENT_CPPCHECK_ALLOW_SLOW_VERSIONS environment variable to override this.
2: -- run_test.py: return code 0
2: -- run_test.py: verify result file '/home/joel/ros2_ws/build/my_package/test_results/my_package/cppcheck.xunit.xml'
2/5 Test #2: cppcheck .........................   Passed    0.14 sec
test 3
    Start 3: lint_cmake

3: Test command: /home/joel/anaconda3/bin/python3 "-u" "/opt/ros/humble/share/ament_cmake_test/cmake/run_test.py" "/home/joel/ros2_ws/build/my_package/test_results/my_package/lint_cmake.xunit.xml" "--package-name" "my_package" "--output-file" "/home/joel/ros2_ws/build/my_package/ament_lint_cmake/lint_cmake.txt" "--command" "/opt/ros/humble/bin/ament_lint_cmake" "--xunit-file" "/home/joel/ros2_ws/build/my_package/test_results/my_package/lint_cmake.xunit.xml"
3: Test timeout computed to be: 60
3: -- run_test.py: invoking following command in '/home/joel/ros2_ws/src/my_package':
3:  - /opt/ros/humble/bin/ament_lint_cmake --xunit-file /home/joel/ros2_ws/build/my_package/test_results/my_package/lint_cmake.xunit.xml
3: 
3: No problems found
3: -- run_test.py: return code 0
3: -- run_test.py: verify result file '/home/joel/ros2_ws/build/my_package/test_results/my_package/lint_cmake.xunit.xml'
3/5 Test #3: lint_cmake .......................   Passed    0.13 sec
test 4
    Start 4: uncrustify

4: Test command: /home/joel/anaconda3/bin/python3 "-u" "/opt/ros/humble/share/ament_cmake_test/cmake/run_test.py" "/home/joel/ros2_ws/build/my_package/test_results/my_package/uncrustify.xunit.xml" "--package-name" "my_package" "--output-file" "/home/joel/ros2_ws/build/my_package/ament_uncrustify/uncrustify.txt" "--command" "/opt/ros/humble/bin/ament_uncrustify" "--xunit-file" "/home/joel/ros2_ws/build/my_package/test_results/my_package/uncrustify.xunit.xml"
4: Test timeout computed to be: 60
4: -- run_test.py: invoking following command in '/home/joel/ros2_ws/src/my_package':
4:  - /opt/ros/humble/bin/ament_uncrustify --xunit-file /home/joel/ros2_ws/build/my_package/test_results/my_package/uncrustify.xunit.xml
4: No code style divergence in file 'include/my_package/math_functions.hpp'
4: 
4: No code style divergence in file 'src/math_functions.cpp'
4: 
4: No code style divergence in file 'src/my_node.cpp'
4: 
4: No code style divergence in file 'src/subscriber_node.cpp'
4: 
4: No code style divergence in file 'test/test_math_functions.cpp'
4: 
4: No problems found
4: -- run_test.py: return code 0
4: -- run_test.py: verify result file '/home/joel/ros2_ws/build/my_package/test_results/my_package/uncrustify.xunit.xml'
4/5 Test #4: uncrustify .......................   Passed    0.14 sec
test 5
    Start 5: xmllint

5: Test command: /home/joel/anaconda3/bin/python3 "-u" "/opt/ros/humble/share/ament_cmake_test/cmake/run_test.py" "/home/joel/ros2_ws/build/my_package/test_results/my_package/xmllint.xunit.xml" "--package-name" "my_package" "--output-file" "/home/joel/ros2_ws/build/my_package/ament_xmllint/xmllint.txt" "--command" "/opt/ros/humble/bin/ament_xmllint" "--xunit-file" "/home/joel/ros2_ws/build/my_package/test_results/my_package/xmllint.xunit.xml"
5: Test timeout computed to be: 60
5: -- run_test.py: invoking following command in '/home/joel/ros2_ws/src/my_package':
5:  - /opt/ros/humble/bin/ament_xmllint --xunit-file /home/joel/ros2_ws/build/my_package/test_results/my_package/xmllint.xunit.xml
5: File 'package.xml' is valid
5: 
5: No problems found
5: -- run_test.py: return code 0
5: -- run_test.py: verify result file '/home/joel/ros2_ws/build/my_package/test_results/my_package/xmllint.xunit.xml'
5/5 Test #5: xmllint ..........................   Passed    1.14 sec

80% tests passed[0;0m, [0;31m1 tests failed[0;0m out of 5

Label Time Summary:
cppcheck      =   0.14 sec*proc (1 test)
gtest         =   0.07 sec*proc (1 test)
lint_cmake    =   0.13 sec*proc (1 test)
linter        =   1.55 sec*proc (4 tests)
uncrustify    =   0.14 sec*proc (1 test)
xmllint       =   1.14 sec*proc (1 test)

Total Test time (real) =   1.62 sec

The following tests FAILED:
	[0;31m  1 - test_math_functions (Failed)[0;0m
Errors while running CTest
Output from these tests are in: /home/joel/ros2_ws/build/my_package/Testing/Temporary/LastTest.log
Use "--rerun-failed --output-on-failure" to re-run the failed cases verbosely.
