[0.021s] Invoking command in '/home/joel/ros2_ws/build/my_package': AMENT_PREFIX_PATH=/home/joel/ros2_ws/install/my_package:${AMENT_PREFIX_PATH} CMAKE_PREFIX_PATH=/home/joel/ros2_ws/install/my_package CONDA_PROMPT_MODIFIER=(base) /usr/bin/ctest -C Release -D ExperimentalTest --no-compress-output -V --force-new-ctest-process
[0.026s] UpdateCTestConfiguration  from :/home/joel/ros2_ws/build/my_package/CTestConfiguration.ini
[0.027s] Parse Config file:/home/joel/ros2_ws/build/my_package/CTestConfiguration.ini
[0.027s]    Site: joel-Lenovo-XiaoXinAir-14IIL-2020
[0.027s]    Build name: (empty)
[0.027s]  Add coverage exclude regular expressions.
[0.027s] Create new tag: 20241016-1146 - Experimental
[0.027s] UpdateCTestConfiguration  from :/home/joel/ros2_ws/build/my_package/CTestConfiguration.ini
[0.027s] Parse Config file:/home/joel/ros2_ws/build/my_package/CTestConfiguration.ini
[0.027s] Test project /home/joel/ros2_ws/build/my_package
[0.027s] Constructing a list of tests
[0.027s] Done constructing a list of tests
[0.028s] Updating test list for fixtures
[0.028s] Added 0 tests to meet fixture requirements
[0.028s] Checking test dependency graph...
[0.028s] Checking test dependency graph end
[0.028s] test 1
[0.028s]     Start 1: test_math_functions
[0.028s] 
[0.028s] 1: Test command: /home/joel/anaconda3/bin/python3 "-u" "/opt/ros/humble/share/ament_cmake_test/cmake/run_test.py" "/home/joel/ros2_ws/build/my_package/test_results/my_package/test_math_functions.gtest.xml" "--package-name" "my_package" "--output-file" "/home/joel/ros2_ws/build/my_package/ament_cmake_gtest/test_math_functions.txt" "--command" "/home/joel/ros2_ws/build/my_package/test_math_functions" "--gtest_output=xml:/home/joel/ros2_ws/build/my_package/test_results/my_package/test_math_functions.gtest.xml"
[0.028s] 1: Test timeout computed to be: 60
[0.085s] 1: -- run_test.py: invoking following command in '/home/joel/ros2_ws/build/my_package':
[0.085s] 1:  - /home/joel/ros2_ws/build/my_package/test_math_functions --gtest_output=xml:/home/joel/ros2_ws/build/my_package/test_results/my_package/test_math_functions.gtest.xml
[0.086s] 1: [==========] Running 2 tests from 1 test suite.
[0.086s] 1: [----------] Global test environment set-up.
[0.087s] 1: [----------] 2 tests from MathFunctionsTest
[0.087s] 1: [ RUN      ] MathFunctionsTest.DivisionTest
[0.087s] 1: /home/joel/ros2_ws/src/my_package/test/test_math_functions.cpp:5: Failure
[0.087s] 1: Expected equality of these values:
[0.087s] 1:   my_package::divide(10.0, 2.0)
[0.087s] 1:     Which is: 5
[0.087s] 1:   5.1
[0.087s] 1:     Which is: 5.0999999999999996
[0.087s] 1: [  FAILED  ] MathFunctionsTest.DivisionTest (0 ms)
[0.087s] 1: [ RUN      ] MathFunctionsTest.DivisionByZeroTest
[0.087s] 1: [       OK ] MathFunctionsTest.DivisionByZeroTest (0 ms)
[0.087s] 1: [----------] 2 tests from MathFunctionsTest (0 ms total)
[0.087s] 1: 
[0.087s] 1: [----------] Global test environment tear-down
[0.087s] 1: [==========] 2 tests from 1 test suite ran. (0 ms total)
[0.087s] 1: [  PASSED  ] 1 test.
[0.087s] 1: [  FAILED  ] 1 test, listed below:
[0.088s] 1: [  FAILED  ] MathFunctionsTest.DivisionTest
[0.088s] 1: 
[0.088s] 1:  1 FAILED TEST
[0.088s] 1: -- run_test.py: return code 1
[0.088s] 1: -- run_test.py: inject classname prefix into gtest result file '/home/joel/ros2_ws/build/my_package/test_results/my_package/test_math_functions.gtest.xml'
[0.088s] 1: -- run_test.py: verify result file '/home/joel/ros2_ws/build/my_package/test_results/my_package/test_math_functions.gtest.xml'
[0.096s] 1/5 Test #1: test_math_functions ..............***Failed    0.07 sec
[0.096s] test 2
[0.096s]     Start 2: cppcheck
[0.096s] 
[0.096s] 2: Test command: /home/joel/anaconda3/bin/python3 "-u" "/opt/ros/humble/share/ament_cmake_test/cmake/run_test.py" "/home/joel/ros2_ws/build/my_package/test_results/my_package/cppcheck.xunit.xml" "--package-name" "my_package" "--output-file" "/home/joel/ros2_ws/build/my_package/ament_cppcheck/cppcheck.txt" "--command" "/opt/ros/humble/bin/ament_cppcheck" "--xunit-file" "/home/joel/ros2_ws/build/my_package/test_results/my_package/cppcheck.xunit.xml" "--include_dirs" "/home/joel/ros2_ws/src/my_package/include"
[0.096s] 2: Test timeout computed to be: 300
[0.154s] 2: -- run_test.py: invoking following command in '/home/joel/ros2_ws/src/my_package':
[0.154s] 2:  - /opt/ros/humble/bin/ament_cppcheck --xunit-file /home/joel/ros2_ws/build/my_package/test_results/my_package/cppcheck.xunit.xml --include_dirs /home/joel/ros2_ws/src/my_package/include
[0.219s] 2: cppcheck 2.7 has known performance issues and therefore will not be used, set the AMENT_CPPCHECK_ALLOW_SLOW_VERSIONS environment variable to override this.
[0.230s] 2: -- run_test.py: return code 0
[0.230s] 2: -- run_test.py: verify result file '/home/joel/ros2_ws/build/my_package/test_results/my_package/cppcheck.xunit.xml'
[0.239s] 2/5 Test #2: cppcheck .........................   Passed    0.14 sec
[0.239s] test 3
[0.239s]     Start 3: lint_cmake
[0.239s] 
[0.239s] 3: Test command: /home/joel/anaconda3/bin/python3 "-u" "/opt/ros/humble/share/ament_cmake_test/cmake/run_test.py" "/home/joel/ros2_ws/build/my_package/test_results/my_package/lint_cmake.xunit.xml" "--package-name" "my_package" "--output-file" "/home/joel/ros2_ws/build/my_package/ament_lint_cmake/lint_cmake.txt" "--command" "/opt/ros/humble/bin/ament_lint_cmake" "--xunit-file" "/home/joel/ros2_ws/build/my_package/test_results/my_package/lint_cmake.xunit.xml"
[0.239s] 3: Test timeout computed to be: 60
[0.292s] 3: -- run_test.py: invoking following command in '/home/joel/ros2_ws/src/my_package':
[0.293s] 3:  - /opt/ros/humble/bin/ament_lint_cmake --xunit-file /home/joel/ros2_ws/build/my_package/test_results/my_package/lint_cmake.xunit.xml
[0.352s] 3: 
[0.352s] 3: No problems found
[0.361s] 3: -- run_test.py: return code 0
[0.361s] 3: -- run_test.py: verify result file '/home/joel/ros2_ws/build/my_package/test_results/my_package/lint_cmake.xunit.xml'
[0.368s] 3/5 Test #3: lint_cmake .......................   Passed    0.13 sec
[0.368s] test 4
[0.369s]     Start 4: uncrustify
[0.369s] 
[0.369s] 4: Test command: /home/joel/anaconda3/bin/python3 "-u" "/opt/ros/humble/share/ament_cmake_test/cmake/run_test.py" "/home/joel/ros2_ws/build/my_package/test_results/my_package/uncrustify.xunit.xml" "--package-name" "my_package" "--output-file" "/home/joel/ros2_ws/build/my_package/ament_uncrustify/uncrustify.txt" "--command" "/opt/ros/humble/bin/ament_uncrustify" "--xunit-file" "/home/joel/ros2_ws/build/my_package/test_results/my_package/uncrustify.xunit.xml"
[0.369s] 4: Test timeout computed to be: 60
[0.424s] 4: -- run_test.py: invoking following command in '/home/joel/ros2_ws/src/my_package':
[0.424s] 4:  - /opt/ros/humble/bin/ament_uncrustify --xunit-file /home/joel/ros2_ws/build/my_package/test_results/my_package/uncrustify.xunit.xml
[0.492s] 4: No code style divergence in file 'include/my_package/math_functions.hpp'
[0.492s] 4: 
[0.493s] 4: No code style divergence in file 'src/math_functions.cpp'
[0.493s] 4: 
[0.493s] 4: No code style divergence in file 'src/my_node.cpp'
[0.493s] 4: 
[0.493s] 4: No code style divergence in file 'src/subscriber_node.cpp'
[0.493s] 4: 
[0.493s] 4: No code style divergence in file 'test/test_math_functions.cpp'
[0.493s] 4: 
[0.493s] 4: No problems found
[0.502s] 4: -- run_test.py: return code 0
[0.502s] 4: -- run_test.py: verify result file '/home/joel/ros2_ws/build/my_package/test_results/my_package/uncrustify.xunit.xml'
[0.510s] 4/5 Test #4: uncrustify .......................   Passed    0.14 sec
[0.511s] test 5
[0.511s]     Start 5: xmllint
[0.511s] 
[0.511s] 5: Test command: /home/joel/anaconda3/bin/python3 "-u" "/opt/ros/humble/share/ament_cmake_test/cmake/run_test.py" "/home/joel/ros2_ws/build/my_package/test_results/my_package/xmllint.xunit.xml" "--package-name" "my_package" "--output-file" "/home/joel/ros2_ws/build/my_package/ament_xmllint/xmllint.txt" "--command" "/opt/ros/humble/bin/ament_xmllint" "--xunit-file" "/home/joel/ros2_ws/build/my_package/test_results/my_package/xmllint.xunit.xml"
[0.511s] 5: Test timeout computed to be: 60
[0.566s] 5: -- run_test.py: invoking following command in '/home/joel/ros2_ws/src/my_package':
[0.567s] 5:  - /opt/ros/humble/bin/ament_xmllint --xunit-file /home/joel/ros2_ws/build/my_package/test_results/my_package/xmllint.xunit.xml
[1.614s] 5: File 'package.xml' is valid
[1.614s] 5: 
[1.614s] 5: No problems found
[1.632s] 5: -- run_test.py: return code 0
[1.632s] 5: -- run_test.py: verify result file '/home/joel/ros2_ws/build/my_package/test_results/my_package/xmllint.xunit.xml'
[1.649s] 5/5 Test #5: xmllint ..........................   Passed    1.14 sec
[1.649s] 
[1.650s] 80% tests passed[0;0m, [0;31m1 tests failed[0;0m out of 5
[1.650s] 
[1.650s] Label Time Summary:
[1.650s] cppcheck      =   0.14 sec*proc (1 test)
[1.650s] gtest         =   0.07 sec*proc (1 test)
[1.650s] lint_cmake    =   0.13 sec*proc (1 test)
[1.650s] linter        =   1.55 sec*proc (4 tests)
[1.650s] uncrustify    =   0.14 sec*proc (1 test)
[1.650s] xmllint       =   1.14 sec*proc (1 test)
[1.650s] 
[1.650s] Total Test time (real) =   1.62 sec
[1.650s] 
[1.650s] The following tests FAILED:
[1.650s] 	[0;31m  1 - test_math_functions (Failed)[0;0m
[1.651s] Errors while running CTest
[1.652s] Output from these tests are in: /home/joel/ros2_ws/build/my_package/Testing/Temporary/LastTest.log
[1.652s] Use "--rerun-failed --output-on-failure" to re-run the failed cases verbosely.
[1.654s] Invoked command in '/home/joel/ros2_ws/build/my_package' returned '8': AMENT_PREFIX_PATH=/home/joel/ros2_ws/install/my_package:${AMENT_PREFIX_PATH} CMAKE_PREFIX_PATH=/home/joel/ros2_ws/install/my_package CONDA_PROMPT_MODIFIER=(base) /usr/bin/ctest -C Release -D ExperimentalTest --no-compress-output -V --force-new-ctest-process
